<?xml version="1.0" encoding="UTF-8"?>
<!-- Generated by org.testng.reporters.JUnitXMLReporter -->
<testsuite hostname="ALLen-PC" name="接口-推荐" tests="1" failures="1" timestamp="5 Aug 2019 09:25:22 GMT" time="4.432" errors="0">
  <testcase name="recommendDatalist" time="3.408" classname="test.trade.itemDetails.RecommendDatalistPostTest">
    <failure type="java.lang.AssertionError" message="expected [100] but found [200]">
      <![CDATA[java.lang.AssertionError: expected [100] but found [200]
	at test.trade.itemDetails.RecommendDatalistPostTest.recommendDatalist(RecommendDatalistPostTest.java:39)
	at java.util.concurrent.Executors$RunnableAdapter.call(Executors.java:511)
	at java.util.concurrent.FutureTask.run(FutureTask.java:266)
	at java.util.concurrent.ThreadPoolExecutor.runWorker(ThreadPoolExecutor.java:1142)
	at java.util.concurrent.ThreadPoolExecutor$Worker.run(ThreadPoolExecutor.java:617)
	at java.lang.Thread.run(Thread.java:745)
... Removed 12 stack frames]]>
    </failure>
  </testcase> <!-- recommendDatalist -->
</testsuite> <!-- 接口-推荐 -->
