-------------------------------------------------------------------------------
Test set: TestSuite
-------------------------------------------------------------------------------
Tests run: 2, Failures: 1, Errors: 0, Skipped: 0, Time elapsed: 8.977 s <<< FAILURE! - in TestSuite
recommendDatalist(test.trade.itemDetails.RecommendDatalistPostTest)  Time elapsed: 3.418 s  <<< FAILURE!
java.lang.AssertionError: expected [100] but found [200]
	at test.trade.itemDetails.RecommendDatalistPostTest.recommendDatalist(RecommendDatalistPostTest.java:39)

