<?xml version="1.0" encoding="UTF-8"?>
<testsuite xmlns:xsi="http://www.w3.org/2001/XMLSchema-instance" xsi:noNamespaceSchemaLocation="https://maven.apache.org/surefire/maven-surefire-plugin/xsd/surefire-test-report.xsd" name="TestSuite" time="8.977" tests="2" errors="0" skipped="0" failures="1">
  <properties>
[...]
</properties>
  <testcase name="recommendDatalist" classname="test.trade.itemDetails.RecommendDatalistPostTest" time="3.418">
    <failure message="expected [100] but found [200]" type="java.lang.AssertionError">java.lang.AssertionError: expected [100] but found [200]
	at test.trade.itemDetails.RecommendDatalistPostTest.recommendDatalist(RecommendDatalistPostTest.java:39)
</failure>
    <system-out><![CDATA[[2019-08-05 17:25:18 下午]:INFO XmlBeanDefinitionReader - Loading XML bean definitions from class path resource [context/applicationContext.xml]
[2019-08-05 17:25:18 下午]:INFO XmlBeanDefinitionReader - Loading XML bean definitions from class path resource [context/spring-context.xml]
[2019-08-05 17:25:18 下午]:INFO GenericApplicationContext - Refreshing org.springframework.context.support.GenericApplicationContext@12f41634: display name [org.springframework.context.support.GenericApplicationContext@12f41634]; startup date [Mon Aug 05 17:25:18 CST 2019]; root of context hierarchy
[2019-08-05 17:25:18 下午]:INFO GenericApplicationContext - Bean factory for application context [org.springframework.context.support.GenericApplicationContext@12f41634]: org.springframework.beans.factory.support.DefaultListableBeanFactory@75d4a5c2
[2019-08-05 17:25:18 下午]:INFO PropertyPlaceholderConfigurer - Loading properties file from class path resource [properties/env_dir.props]
[2019-08-05 17:25:18 下午]:INFO DefaultListableBeanFactory - Pre-instantiating singletons in org.springframework.beans.factory.support.DefaultListableBeanFactory@75d4a5c2: defining beans [placeholderConfig,httpClientService,excelProviderByTest,org.springframework.context.annotation.internalCommonAnnotationProcessor,org.springframework.context.annotation.internalAutowiredAnnotationProcessor,org.springframework.context.annotation.internalRequiredAnnotationProcessor]; root of factory hierarchy
[2019-08-05 17:25:18 下午]:INFO TestContext - @ContextConfiguration not found for class [class service.impl.HttpClientServiceImpl]
数据驱动url:E:\GitHub\hmd\api_web_core\testdata\uat\RecommendDatalistPostTest.xls
[2019-08-05 17:25:19 下午]:INFO RecommendDatalistPostTest - 接口测试开始...........
[2019-08-05 17:25:19 下午]:INFO RecommendDatalistPostTest - 封装数据
[2019-08-05 17:25:19 下午]:INFO RecommendDatalistPostTest - 发送请求并获得response
[2019-08-05 17:25:22 下午]:INFO HttpClientServiceImpl - code = 200
[2019-08-05 17:25:22 下午]:INFO HttpClientServiceImpl - tempResponseOfPost = {"cost":180,"data":[{"categoryId3":11231,"categoryName3":"电源/信号用电缆","cost":0.0,"fileNameDefault":"Files/Images/Goods/2016-07-22/13/38/5374502576762516206_pic1.jpg","id":100198416,"isNeiCai":0,"isQvDao":0,"isTopBrand":0,"metrics":{"attentionCount":8,"gmv":5565560,"salesCount":2860,"score":0,"visitCount":3610},"name":"爱谱华顿(AIPU)RVV2*2.5 两芯软电线 白色 200m/卷","price":1946.0,"productId":100198416,"selectType":"2"},{"categoryId3":11221,"categoryName3":"六类(CAT6)数据电缆","cost":0.0,"fileNameDefault":"Files/Images/Goods/2016-08-25/18/28/4829299165367234034_pic1.jpg","id":100198675,"isNeiCai":0,"isQvDao":0,"isTopBrand":0,"metrics":{"attentionCount":6,"gmv":13758108,"salesCount":7618,"score":0,"visitCount":6294},"name":"爱谱华顿(AIPU) 六类4对UTP低烟无卤电缆 AP-6-01-WD 305米每箱","price":1806.0,"productId":100198675,"selectType":"2"},{"categoryId3":11231,"categoryName3":"电源/信号用电缆","cost":0.0,"fileNameDefault":"Files/Images/Goods/2016-09-23/11/29/5564046353785577252_pic1.jpg","id":100205034,"isNeiCai":0,"isQvDao":0,"isTopBrand":0,"metrics":{"attentionCount":7,"gmv":37274688,"salesCount":31482,"score":0,"visitCount":4075},"name":"爱谱华顿(AIPU)RVV2*1.5 二芯软电线 黑色 200米/卷","price":1184.0,"productId":100205034,"selectType":"2"},{"categoryId3":11231,"categoryName3":"电源/信号用电缆","cost":0.0,"fileNameDefault":"Files/Images/Goods/2017-04-18/5546849264687963648_pic1.jpg","id":100238017,"isNeiCai":0,"isQvDao":0,"isTopBrand":0,"metrics":{"attentionCount":6,"gmv":11489184,"salesCount":5904,"score":0,"visitCount":3233},"name":"爱谱华顿(AIPU)RVV2*2.5 二芯软电线 黑色 200/卷","price":1946.0,"productId":100238017,"selectType":"2"},{"categoryId3":11231,"categoryName3":"电源/信号用电缆","cost":0.0,"fileNameDefault":"Files/Images/Goods/2016-09-23/11/29/5564046353785577252_pic1.jpg","id":100205035,"isNeiCai":0,"isQvDao":0,"isTopBrand":0,"metrics":{"attentionCount":2,"gmv":15412720,"salesCount":5207,"score":0,"visitCount":1687},"name":"爱谱华顿(AIPU)RVV2*1.5 二芯软电线 黑色 500米/卷","price":2960.0,"productId":100205035,"selectType":"2"}],"dataType":"sku","ext":{"select_strategy":"SelectStrategyStat{strategyName=SelectBySlotSkuSku, resultCount=0, filteredResultCount=0},SelectStrategyStat{strategyName=SelectBySkuAccountSku, resultCount=10000, filteredResultCount=10000}","sort_strategy":"SortStrategyChain{strategyList=gmv:desc>top100random}"},"msg":"success","status":"200","total":5}
[2019-08-05 17:25:22 下午]:INFO RecommendDatalistPostTest - 结果校验
status = 200
]]></system-out>
  </testcase>
  <testcase name="getZBDirectlyMiniShopCart" classname="test.trade.submit.GetZBDirectlyMiniShopCartGetTest" time="2.953"/>
</testsuite>